Questionable use of curly braces in ".meas tran t_edge_ev0 find time when v(clk) = {vclkmax/2} rise = 1"
    Error: undefined symbol in: "[vclkmax]/2"
Questionable use of curly braces in ".meas tran v_ain_at_ev0 avg v(in) trig time={t_edge_ev0-td1} targ time={t_edge_ev0-td2}"
    Error: undefined symbol in: "[t_edge_ev0]-td1"
Questionable use of curly braces in ".meas tran v_ain_at_ev0 avg v(in) trig time=(t_edge_ev0-td1) targ time={t_edge_ev0-td2}"
    Error: undefined symbol in: "[t_edge_ev0]-td2"
Questionable use of curly braces in ".meas tran v_aout_at_ev0 avg v(out_dac) trig time={t_edge_ev0-td1} targ time={t_edge_ev0-td2}"
    Error: undefined symbol in: "[t_edge_ev0]-td1"
Questionable use of curly braces in ".meas tran v_aout_at_ev0 avg v(out_dac) trig time=(t_edge_ev0-td1) targ time={t_edge_ev0-td2}"
    Error: undefined symbol in: "[t_edge_ev0]-td2"
Questionable use of curly braces in ".meas tran v_vdd_at_ev0 avg v(vdd) trig time={t_edge_ev0-td1} targ time={t_edge_ev0-td2}"
    Error: undefined symbol in: "[t_edge_ev0]-td1"
Questionable use of curly braces in ".meas tran v_vdd_at_ev0 avg v(vdd) trig time=(t_edge_ev0-td1) targ time={t_edge_ev0-td2}"
    Error: undefined symbol in: "[t_edge_ev0]-td2"
Questionable use of curly braces in ".meas tran v_dout[7]_at_ev0 avg v(out[7]) trig time={t_edge_ev0-td1} targ time={t_edge_ev0-td2}"
    Error: undefined symbol in: "[t_edge_ev0]-td1"
Questionable use of curly braces in ".meas tran v_dout[7]_at_ev0 avg v(out[7]) trig time=(t_edge_ev0-td1) targ time={t_edge_ev0-td2}"
    Error: undefined symbol in: "[t_edge_ev0]-td2"
Questionable use of curly braces in ".meas tran v_dout[6]_at_ev0 avg v(out[6]) trig time={t_edge_ev0-td1} targ time={t_edge_ev0-td2}"
    Error: undefined symbol in: "[t_edge_ev0]-td1"
Questionable use of curly braces in ".meas tran v_dout[6]_at_ev0 avg v(out[6]) trig time=(t_edge_ev0-td1) targ time={t_edge_ev0-td2}"
    Error: undefined symbol in: "[t_edge_ev0]-td2"
Questionable use of curly braces in ".meas tran v_dout[5]_at_ev0 avg v(out[5]) trig time={t_edge_ev0-td1} targ time={t_edge_ev0-td2}"
    Error: undefined symbol in: "[t_edge_ev0]-td1"
Questionable use of curly braces in ".meas tran v_dout[5]_at_ev0 avg v(out[5]) trig time=(t_edge_ev0-td1) targ time={t_edge_ev0-td2}"
    Error: undefined symbol in: "[t_edge_ev0]-td2"
Questionable use of curly braces in ".meas tran v_dout[4]_at_ev0 avg v(out[4]) trig time={t_edge_ev0-td1} targ time={t_edge_ev0-td2}"
    Error: undefined symbol in: "[t_edge_ev0]-td1"
Questionable use of curly braces in ".meas tran v_dout[4]_at_ev0 avg v(out[4]) trig time=(t_edge_ev0-td1) targ time={t_edge_ev0-td2}"
    Error: undefined symbol in: "[t_edge_ev0]-td2"
Questionable use of curly braces in ".meas tran v_dout[3]_at_ev0 avg v(out[3]) trig time={t_edge_ev0-td1} targ time={t_edge_ev0-td2}"
    Error: undefined symbol in: "[t_edge_ev0]-td1"
Questionable use of curly braces in ".meas tran v_dout[3]_at_ev0 avg v(out[3]) trig time=(t_edge_ev0-td1) targ time={t_edge_ev0-td2}"
    Error: undefined symbol in: "[t_edge_ev0]-td2"
Questionable use of curly braces in ".meas tran v_dout[2]_at_ev0 avg v(out[2]) trig time={t_edge_ev0-td1} targ time={t_edge_ev0-td2}"
    Error: undefined symbol in: "[t_edge_ev0]-td1"
Questionable use of curly braces in ".meas tran v_dout[2]_at_ev0 avg v(out[2]) trig time=(t_edge_ev0-td1) targ time={t_edge_ev0-td2}"
    Error: undefined symbol in: "[t_edge_ev0]-td2"
Questionable use of curly braces in ".meas tran v_dout[1]_at_ev0 avg v(out[1]) trig time={t_edge_ev0-td1} targ time={t_edge_ev0-td2}"
    Error: undefined symbol in: "[t_edge_ev0]-td1"
Questionable use of curly braces in ".meas tran v_dout[1]_at_ev0 avg v(out[1]) trig time=(t_edge_ev0-td1) targ time={t_edge_ev0-td2}"
    Error: undefined symbol in: "[t_edge_ev0]-td2"
Questionable use of curly braces in ".meas tran v_dout[0]_at_ev0 avg v(out[0]) trig time={t_edge_ev0-td1} targ time={t_edge_ev0-td2}"
    Error: undefined symbol in: "[t_edge_ev0]-td1"
Questionable use of curly braces in ".meas tran v_dout[0]_at_ev0 avg v(out[0]) trig time=(t_edge_ev0-td1) targ time={t_edge_ev0-td2}"
    Error: undefined symbol in: "[t_edge_ev0]-td2"
Questionable use of curly braces in ".meas tran adc_decimal_ev0 param {v_dout[7]_at_ev0*2**7+v_dout[6]_at_ev0*2**6+v_dout[5]_at_ev0*2**5+v_dout[4]_at_ev0*2**4+v_dout[3]_at_ev0*2**3+v_dout[2]_at_ev0*2**2+v_dout[1]_at_ev0*2**1+v_dout[0]_at_ev0*2**0}"
    Error: unknown token in: "v_dout[[]7]_at_ev0*2**7+v_dout[6]_at_ev0*2**6+v_dout[5]_at_ev0*2**5+v_dout[4]_at_ev0*2**4+v_dout[3]_at_ev0*2**3+v_dout[2]_at_ev0*2**2+v_dout[1]_at_ev0*2**1+v_dout[0]_at_ev0*2**0"
Questionable use of curly braces in ".meas tran t_edge_ev1 find time when v(clk) = {vclkmax/2} rise = 2"
    Error: undefined symbol in: "[vclkmax]/2"
Questionable use of curly braces in ".meas tran v_ain_at_ev1 avg v(in) trig time={t_edge_ev1-td1} targ time={t_edge_ev1-td2}"
    Error: undefined symbol in: "[t_edge_ev1]-td1"
Questionable use of curly braces in ".meas tran v_ain_at_ev1 avg v(in) trig time=(t_edge_ev1-td1) targ time={t_edge_ev1-td2}"
    Error: undefined symbol in: "[t_edge_ev1]-td2"
Questionable use of curly braces in ".meas tran v_aout_at_ev1 avg v(out_dac) trig time={t_edge_ev1-td1} targ time={t_edge_ev1-td2}"
    Error: undefined symbol in: "[t_edge_ev1]-td1"
Questionable use of curly braces in ".meas tran v_aout_at_ev1 avg v(out_dac) trig time=(t_edge_ev1-td1) targ time={t_edge_ev1-td2}"
    Error: undefined symbol in: "[t_edge_ev1]-td2"
Questionable use of curly braces in ".meas tran v_vdd_at_ev1 avg v(vdd) trig time={t_edge_ev1-td1} targ time={t_edge_ev1-td2}"
    Error: undefined symbol in: "[t_edge_ev1]-td1"
Questionable use of curly braces in ".meas tran v_vdd_at_ev1 avg v(vdd) trig time=(t_edge_ev1-td1) targ time={t_edge_ev1-td2}"
    Error: undefined symbol in: "[t_edge_ev1]-td2"
Questionable use of curly braces in ".meas tran v_dout[7]_at_ev1 avg v(out[7]) trig time={t_edge_ev1-td1} targ time={t_edge_ev1-td2}"
    Error: undefined symbol in: "[t_edge_ev1]-td1"
Questionable use of curly braces in ".meas tran v_dout[7]_at_ev1 avg v(out[7]) trig time=(t_edge_ev1-td1) targ time={t_edge_ev1-td2}"
    Error: undefined symbol in: "[t_edge_ev1]-td2"
Questionable use of curly braces in ".meas tran v_dout[6]_at_ev1 avg v(out[6]) trig time={t_edge_ev1-td1} targ time={t_edge_ev1-td2}"
    Error: undefined symbol in: "[t_edge_ev1]-td1"
Questionable use of curly braces in ".meas tran v_dout[6]_at_ev1 avg v(out[6]) trig time=(t_edge_ev1-td1) targ time={t_edge_ev1-td2}"
    Error: undefined symbol in: "[t_edge_ev1]-td2"
Questionable use of curly braces in ".meas tran v_dout[5]_at_ev1 avg v(out[5]) trig time={t_edge_ev1-td1} targ time={t_edge_ev1-td2}"
    Error: undefined symbol in: "[t_edge_ev1]-td1"
Questionable use of curly braces in ".meas tran v_dout[5]_at_ev1 avg v(out[5]) trig time=(t_edge_ev1-td1) targ time={t_edge_ev1-td2}"
    Error: undefined symbol in: "[t_edge_ev1]-td2"
Questionable use of curly braces in ".meas tran v_dout[4]_at_ev1 avg v(out[4]) trig time={t_edge_ev1-td1} targ time={t_edge_ev1-td2}"
    Error: undefined symbol in: "[t_edge_ev1]-td1"
Questionable use of curly braces in ".meas tran v_dout[4]_at_ev1 avg v(out[4]) trig time=(t_edge_ev1-td1) targ time={t_edge_ev1-td2}"
    Error: undefined symbol in: "[t_edge_ev1]-td2"
Questionable use of curly braces in ".meas tran v_dout[3]_at_ev1 avg v(out[3]) trig time={t_edge_ev1-td1} targ time={t_edge_ev1-td2}"
    Error: undefined symbol in: "[t_edge_ev1]-td1"
Questionable use of curly braces in ".meas tran v_dout[3]_at_ev1 avg v(out[3]) trig time=(t_edge_ev1-td1) targ time={t_edge_ev1-td2}"
    Error: undefined symbol in: "[t_edge_ev1]-td2"
Questionable use of curly braces in ".meas tran v_dout[2]_at_ev1 avg v(out[2]) trig time={t_edge_ev1-td1} targ time={t_edge_ev1-td2}"
    Error: undefined symbol in: "[t_edge_ev1]-td1"
Questionable use of curly braces in ".meas tran v_dout[2]_at_ev1 avg v(out[2]) trig time=(t_edge_ev1-td1) targ time={t_edge_ev1-td2}"
    Error: undefined symbol in: "[t_edge_ev1]-td2"
Questionable use of curly braces in ".meas tran v_dout[1]_at_ev1 avg v(out[1]) trig time={t_edge_ev1-td1} targ time={t_edge_ev1-td2}"
    Error: undefined symbol in: "[t_edge_ev1]-td1"
Questionable use of curly braces in ".meas tran v_dout[1]_at_ev1 avg v(out[1]) trig time=(t_edge_ev1-td1) targ time={t_edge_ev1-td2}"
    Error: undefined symbol in: "[t_edge_ev1]-td2"
Questionable use of curly braces in ".meas tran v_dout[0]_at_ev1 avg v(out[0]) trig time={t_edge_ev1-td1} targ time={t_edge_ev1-td2}"
    Error: undefined symbol in: "[t_edge_ev1]-td1"
Questionable use of curly braces in ".meas tran v_dout[0]_at_ev1 avg v(out[0]) trig time=(t_edge_ev1-td1) targ time={t_edge_ev1-td2}"
    Error: undefined symbol in: "[t_edge_ev1]-td2"
Questionable use of curly braces in ".meas tran adc_decimal_ev1 param {v_dout[7]_at_ev1*2**7+v_dout[6]_at_ev1*2**6+v_dout[5]_at_ev1*2**5+v_dout[4]_at_ev1*2**4+v_dout[3]_at_ev1*2**3+v_dout[2]_at_ev1*2**2+v_dout[1]_at_ev1*2**1+v_dout[0]_at_ev1*2**0}"
    Error: unknown token in: "v_dout[[]7]_at_ev1*2**7+v_dout[6]_at_ev1*2**6+v_dout[5]_at_ev1*2**5+v_dout[4]_at_ev1*2**4+v_dout[3]_at_ev1*2**3+v_dout[2]_at_ev1*2**2+v_dout[1]_at_ev1*2**1+v_dout[0]_at_ev1*2**0"
Questionable use of curly braces in ".meas tran t_edge_ev2 find time when v(clk) = {vclkmax/2} rise = 3"
    Error: undefined symbol in: "[vclkmax]/2"
Questionable use of curly braces in ".meas tran v_ain_at_ev2 avg v(in) trig time={t_edge_ev2-td1} targ time={t_edge_ev2-td2}"
    Error: undefined symbol in: "[t_edge_ev2]-td1"
Questionable use of curly braces in ".meas tran v_ain_at_ev2 avg v(in) trig time=(t_edge_ev2-td1) targ time={t_edge_ev2-td2}"
    Error: undefined symbol in: "[t_edge_ev2]-td2"
Questionable use of curly braces in ".meas tran v_aout_at_ev2 avg v(out_dac) trig time={t_edge_ev2-td1} targ time={t_edge_ev2-td2}"
    Error: undefined symbol in: "[t_edge_ev2]-td1"
Questionable use of curly braces in ".meas tran v_aout_at_ev2 avg v(out_dac) trig time=(t_edge_ev2-td1) targ time={t_edge_ev2-td2}"
    Error: undefined symbol in: "[t_edge_ev2]-td2"
Questionable use of curly braces in ".meas tran v_vdd_at_ev2 avg v(vdd) trig time={t_edge_ev2-td1} targ time={t_edge_ev2-td2}"
    Error: undefined symbol in: "[t_edge_ev2]-td1"
Questionable use of curly braces in ".meas tran v_vdd_at_ev2 avg v(vdd) trig time=(t_edge_ev2-td1) targ time={t_edge_ev2-td2}"
    Error: undefined symbol in: "[t_edge_ev2]-td2"
Questionable use of curly braces in ".meas tran v_dout[7]_at_ev2 avg v(out[7]) trig time={t_edge_ev2-td1} targ time={t_edge_ev2-td2}"
    Error: undefined symbol in: "[t_edge_ev2]-td1"
Questionable use of curly braces in ".meas tran v_dout[7]_at_ev2 avg v(out[7]) trig time=(t_edge_ev2-td1) targ time={t_edge_ev2-td2}"
    Error: undefined symbol in: "[t_edge_ev2]-td2"
Questionable use of curly braces in ".meas tran v_dout[6]_at_ev2 avg v(out[6]) trig time={t_edge_ev2-td1} targ time={t_edge_ev2-td2}"
    Error: undefined symbol in: "[t_edge_ev2]-td1"
Questionable use of curly braces in ".meas tran v_dout[6]_at_ev2 avg v(out[6]) trig time=(t_edge_ev2-td1) targ time={t_edge_ev2-td2}"
    Error: undefined symbol in: "[t_edge_ev2]-td2"
Questionable use of curly braces in ".meas tran v_dout[5]_at_ev2 avg v(out[5]) trig time={t_edge_ev2-td1} targ time={t_edge_ev2-td2}"
    Error: undefined symbol in: "[t_edge_ev2]-td1"
Questionable use of curly braces in ".meas tran v_dout[5]_at_ev2 avg v(out[5]) trig time=(t_edge_ev2-td1) targ time={t_edge_ev2-td2}"
    Error: undefined symbol in: "[t_edge_ev2]-td2"
Questionable use of curly braces in ".meas tran v_dout[4]_at_ev2 avg v(out[4]) trig time={t_edge_ev2-td1} targ time={t_edge_ev2-td2}"
    Error: undefined symbol in: "[t_edge_ev2]-td1"
Questionable use of curly braces in ".meas tran v_dout[4]_at_ev2 avg v(out[4]) trig time=(t_edge_ev2-td1) targ time={t_edge_ev2-td2}"
    Error: undefined symbol in: "[t_edge_ev2]-td2"
Questionable use of curly braces in ".meas tran v_dout[3]_at_ev2 avg v(out[3]) trig time={t_edge_ev2-td1} targ time={t_edge_ev2-td2}"
    Error: undefined symbol in: "[t_edge_ev2]-td1"
Questionable use of curly braces in ".meas tran v_dout[3]_at_ev2 avg v(out[3]) trig time=(t_edge_ev2-td1) targ time={t_edge_ev2-td2}"
    Error: undefined symbol in: "[t_edge_ev2]-td2"
Questionable use of curly braces in ".meas tran v_dout[2]_at_ev2 avg v(out[2]) trig time={t_edge_ev2-td1} targ time={t_edge_ev2-td2}"
    Error: undefined symbol in: "[t_edge_ev2]-td1"
Questionable use of curly braces in ".meas tran v_dout[2]_at_ev2 avg v(out[2]) trig time=(t_edge_ev2-td1) targ time={t_edge_ev2-td2}"
    Error: undefined symbol in: "[t_edge_ev2]-td2"
Questionable use of curly braces in ".meas tran v_dout[1]_at_ev2 avg v(out[1]) trig time={t_edge_ev2-td1} targ time={t_edge_ev2-td2}"
    Error: undefined symbol in: "[t_edge_ev2]-td1"
Questionable use of curly braces in ".meas tran v_dout[1]_at_ev2 avg v(out[1]) trig time=(t_edge_ev2-td1) targ time={t_edge_ev2-td2}"
    Error: undefined symbol in: "[t_edge_ev2]-td2"
Questionable use of curly braces in ".meas tran v_dout[0]_at_ev2 avg v(out[0]) trig time={t_edge_ev2-td1} targ time={t_edge_ev2-td2}"
    Error: undefined symbol in: "[t_edge_ev2]-td1"
Questionable use of curly braces in ".meas tran v_dout[0]_at_ev2 avg v(out[0]) trig time=(t_edge_ev2-td1) targ time={t_edge_ev2-td2}"
    Error: undefined symbol in: "[t_edge_ev2]-td2"
Questionable use of curly braces in ".meas tran adc_decimal_ev2 param {v_dout[7]_at_ev2*2**7+v_dout[6]_at_ev2*2**6+v_dout[5]_at_ev2*2**5+v_dout[4]_at_ev2*2**4+v_dout[3]_at_ev2*2**3+v_dout[2]_at_ev2*2**2+v_dout[1]_at_ev2*2**1+v_dout[0]_at_ev2*2**0}"
    Error: unknown token in: "v_dout[[]7]_at_ev2*2**7+v_dout[6]_at_ev2*2**6+v_dout[5]_at_ev2*2**5+v_dout[4]_at_ev2*2**4+v_dout[3]_at_ev2*2**3+v_dout[2]_at_ev2*2**2+v_dout[1]_at_ev2*2**1+v_dout[0]_at_ev2*2**0"
Questionable use of curly braces in ".meas tran t_edge_ev3 find time when v(clk) = {vclkmax/2} rise = 4"
    Error: undefined symbol in: "[vclkmax]/2"
Questionable use of curly braces in ".meas tran v_ain_at_ev3 avg v(in) trig time={t_edge_ev3-td1} targ time={t_edge_ev3-td2}"
    Error: undefined symbol in: "[t_edge_ev3]-td1"
Questionable use of curly braces in ".meas tran v_ain_at_ev3 avg v(in) trig time=(t_edge_ev3-td1) targ time={t_edge_ev3-td2}"
    Error: undefined symbol in: "[t_edge_ev3]-td2"
Questionable use of curly braces in ".meas tran v_aout_at_ev3 avg v(out_dac) trig time={t_edge_ev3-td1} targ time={t_edge_ev3-td2}"
    Error: undefined symbol in: "[t_edge_ev3]-td1"
Questionable use of curly braces in ".meas tran v_aout_at_ev3 avg v(out_dac) trig time=(t_edge_ev3-td1) targ time={t_edge_ev3-td2}"
    Error: undefined symbol in: "[t_edge_ev3]-td2"
Questionable use of curly braces in ".meas tran v_vdd_at_ev3 avg v(vdd) trig time={t_edge_ev3-td1} targ time={t_edge_ev3-td2}"
    Error: undefined symbol in: "[t_edge_ev3]-td1"
Questionable use of curly braces in ".meas tran v_vdd_at_ev3 avg v(vdd) trig time=(t_edge_ev3-td1) targ time={t_edge_ev3-td2}"
    Error: undefined symbol in: "[t_edge_ev3]-td2"
Questionable use of curly braces in ".meas tran v_dout[7]_at_ev3 avg v(out[7]) trig time={t_edge_ev3-td1} targ time={t_edge_ev3-td2}"
    Error: undefined symbol in: "[t_edge_ev3]-td1"
Questionable use of curly braces in ".meas tran v_dout[7]_at_ev3 avg v(out[7]) trig time=(t_edge_ev3-td1) targ time={t_edge_ev3-td2}"
    Error: undefined symbol in: "[t_edge_ev3]-td2"
Questionable use of curly braces in ".meas tran v_dout[6]_at_ev3 avg v(out[6]) trig time={t_edge_ev3-td1} targ time={t_edge_ev3-td2}"
    Error: undefined symbol in: "[t_edge_ev3]-td1"
Questionable use of curly braces in ".meas tran v_dout[6]_at_ev3 avg v(out[6]) trig time=(t_edge_ev3-td1) targ time={t_edge_ev3-td2}"
    Error: undefined symbol in: "[t_edge_ev3]-td2"
Questionable use of curly braces in ".meas tran v_dout[5]_at_ev3 avg v(out[5]) trig time={t_edge_ev3-td1} targ time={t_edge_ev3-td2}"
    Error: undefined symbol in: "[t_edge_ev3]-td1"
Questionable use of curly braces in ".meas tran v_dout[5]_at_ev3 avg v(out[5]) trig time=(t_edge_ev3-td1) targ time={t_edge_ev3-td2}"
    Error: undefined symbol in: "[t_edge_ev3]-td2"
Questionable use of curly braces in ".meas tran v_dout[4]_at_ev3 avg v(out[4]) trig time={t_edge_ev3-td1} targ time={t_edge_ev3-td2}"
    Error: undefined symbol in: "[t_edge_ev3]-td1"
Questionable use of curly braces in ".meas tran v_dout[4]_at_ev3 avg v(out[4]) trig time=(t_edge_ev3-td1) targ time={t_edge_ev3-td2}"
    Error: undefined symbol in: "[t_edge_ev3]-td2"
Questionable use of curly braces in ".meas tran v_dout[3]_at_ev3 avg v(out[3]) trig time={t_edge_ev3-td1} targ time={t_edge_ev3-td2}"
    Error: undefined symbol in: "[t_edge_ev3]-td1"
Questionable use of curly braces in ".meas tran v_dout[3]_at_ev3 avg v(out[3]) trig time=(t_edge_ev3-td1) targ time={t_edge_ev3-td2}"
    Error: undefined symbol in: "[t_edge_ev3]-td2"
Questionable use of curly braces in ".meas tran v_dout[2]_at_ev3 avg v(out[2]) trig time={t_edge_ev3-td1} targ time={t_edge_ev3-td2}"
    Error: undefined symbol in: "[t_edge_ev3]-td1"
Questionable use of curly braces in ".meas tran v_dout[2]_at_ev3 avg v(out[2]) trig time=(t_edge_ev3-td1) targ time={t_edge_ev3-td2}"
    Error: undefined symbol in: "[t_edge_ev3]-td2"
Questionable use of curly braces in ".meas tran v_dout[1]_at_ev3 avg v(out[1]) trig time={t_edge_ev3-td1} targ time={t_edge_ev3-td2}"
    Error: undefined symbol in: "[t_edge_ev3]-td1"
Questionable use of curly braces in ".meas tran v_dout[1]_at_ev3 avg v(out[1]) trig time=(t_edge_ev3-td1) targ time={t_edge_ev3-td2}"
    Error: undefined symbol in: "[t_edge_ev3]-td2"
Questionable use of curly braces in ".meas tran v_dout[0]_at_ev3 avg v(out[0]) trig time={t_edge_ev3-td1} targ time={t_edge_ev3-td2}"
    Error: undefined symbol in: "[t_edge_ev3]-td1"
Questionable use of curly braces in ".meas tran v_dout[0]_at_ev3 avg v(out[0]) trig time=(t_edge_ev3-td1) targ time={t_edge_ev3-td2}"
    Error: undefined symbol in: "[t_edge_ev3]-td2"
Questionable use of curly braces in ".meas tran adc_decimal_ev3 param {v_dout[7]_at_ev3*2**7+v_dout[6]_at_ev3*2**6+v_dout[5]_at_ev3*2**5+v_dout[4]_at_ev3*2**4+v_dout[3]_at_ev3*2**3+v_dout[2]_at_ev3*2**2+v_dout[1]_at_ev3*2**1+v_dout[0]_at_ev3*2**0}"
    Error: unknown token in: "v_dout[[]7]_at_ev3*2**7+v_dout[6]_at_ev3*2**6+v_dout[5]_at_ev3*2**5+v_dout[4]_at_ev3*2**4+v_dout[3]_at_ev3*2**3+v_dout[2]_at_ev3*2**2+v_dout[1]_at_ev3*2**1+v_dout[0]_at_ev3*2**0"
Questionable use of curly braces in ".meas tran t_edge_ev4 find time when v(clk) = {vclkmax/2} fall = 4"
    Error: undefined symbol in: "[vclkmax]/2"
Questionable use of curly braces in ".meas tran v_ain_at_ev4 avg v(in) trig time={t_edge_ev4+td2} targ time={t_edge_ev4+td1}"
    Error: undefined symbol in: "[t_edge_ev4]+td2"
Questionable use of curly braces in ".meas tran v_ain_at_ev4 avg v(in) trig time=(t_edge_ev4+td2) targ time={t_edge_ev4+td1}"
    Error: undefined symbol in: "[t_edge_ev4]+td1"
Questionable use of curly braces in ".meas tran v_aout_at_ev4 avg v(out_dac) trig time={t_edge_ev4+td2} targ time={t_edge_ev4+td1}"
    Error: undefined symbol in: "[t_edge_ev4]+td2"
Questionable use of curly braces in ".meas tran v_aout_at_ev4 avg v(out_dac) trig time=(t_edge_ev4+td2) targ time={t_edge_ev4+td1}"
    Error: undefined symbol in: "[t_edge_ev4]+td1"
Questionable use of curly braces in ".meas tran v_vdd_at_ev4 avg v(vdd) trig time={t_edge_ev4+td2} targ time={t_edge_ev4+td1}"
    Error: undefined symbol in: "[t_edge_ev4]+td2"
Questionable use of curly braces in ".meas tran v_vdd_at_ev4 avg v(vdd) trig time=(t_edge_ev4+td2) targ time={t_edge_ev4+td1}"
    Error: undefined symbol in: "[t_edge_ev4]+td1"
Questionable use of curly braces in ".meas tran v_dout[7]_at_ev4 avg v(out[7]) trig time={t_edge_ev4+td2} targ time={t_edge_ev4+td1}"
    Error: undefined symbol in: "[t_edge_ev4]+td2"
Questionable use of curly braces in ".meas tran v_dout[7]_at_ev4 avg v(out[7]) trig time=(t_edge_ev4+td2) targ time={t_edge_ev4+td1}"
    Error: undefined symbol in: "[t_edge_ev4]+td1"
Questionable use of curly braces in ".meas tran v_dout[6]_at_ev4 avg v(out[6]) trig time={t_edge_ev4+td2} targ time={t_edge_ev4+td1}"
    Error: undefined symbol in: "[t_edge_ev4]+td2"
Questionable use of curly braces in ".meas tran v_dout[6]_at_ev4 avg v(out[6]) trig time=(t_edge_ev4+td2) targ time={t_edge_ev4+td1}"
    Error: undefined symbol in: "[t_edge_ev4]+td1"
Questionable use of curly braces in ".meas tran v_dout[5]_at_ev4 avg v(out[5]) trig time={t_edge_ev4+td2} targ time={t_edge_ev4+td1}"
    Error: undefined symbol in: "[t_edge_ev4]+td2"
Questionable use of curly braces in ".meas tran v_dout[5]_at_ev4 avg v(out[5]) trig time=(t_edge_ev4+td2) targ time={t_edge_ev4+td1}"
    Error: undefined symbol in: "[t_edge_ev4]+td1"
Questionable use of curly braces in ".meas tran v_dout[4]_at_ev4 avg v(out[4]) trig time={t_edge_ev4+td2} targ time={t_edge_ev4+td1}"
    Error: undefined symbol in: "[t_edge_ev4]+td2"
Questionable use of curly braces in ".meas tran v_dout[4]_at_ev4 avg v(out[4]) trig time=(t_edge_ev4+td2) targ time={t_edge_ev4+td1}"
    Error: undefined symbol in: "[t_edge_ev4]+td1"
Questionable use of curly braces in ".meas tran v_dout[3]_at_ev4 avg v(out[3]) trig time={t_edge_ev4+td2} targ time={t_edge_ev4+td1}"
    Error: undefined symbol in: "[t_edge_ev4]+td2"
Questionable use of curly braces in ".meas tran v_dout[3]_at_ev4 avg v(out[3]) trig time=(t_edge_ev4+td2) targ time={t_edge_ev4+td1}"
    Error: undefined symbol in: "[t_edge_ev4]+td1"
Questionable use of curly braces in ".meas tran v_dout[2]_at_ev4 avg v(out[2]) trig time={t_edge_ev4+td2} targ time={t_edge_ev4+td1}"
    Error: undefined symbol in: "[t_edge_ev4]+td2"
Questionable use of curly braces in ".meas tran v_dout[2]_at_ev4 avg v(out[2]) trig time=(t_edge_ev4+td2) targ time={t_edge_ev4+td1}"
    Error: undefined symbol in: "[t_edge_ev4]+td1"
Questionable use of curly braces in ".meas tran v_dout[1]_at_ev4 avg v(out[1]) trig time={t_edge_ev4+td2} targ time={t_edge_ev4+td1}"
    Error: undefined symbol in: "[t_edge_ev4]+td2"
Questionable use of curly braces in ".meas tran v_dout[1]_at_ev4 avg v(out[1]) trig time=(t_edge_ev4+td2) targ time={t_edge_ev4+td1}"
    Error: undefined symbol in: "[t_edge_ev4]+td1"
Questionable use of curly braces in ".meas tran v_dout[0]_at_ev4 avg v(out[0]) trig time={t_edge_ev4+td2} targ time={t_edge_ev4+td1}"
    Error: undefined symbol in: "[t_edge_ev4]+td2"
Questionable use of curly braces in ".meas tran v_dout[0]_at_ev4 avg v(out[0]) trig time=(t_edge_ev4+td2) targ time={t_edge_ev4+td1}"
    Error: undefined symbol in: "[t_edge_ev4]+td1"
Questionable use of curly braces in ".meas tran adc_decimal_ev4 param {v_dout[7]_at_ev4*2**7+v_dout[6]_at_ev4*2**6+v_dout[5]_at_ev4*2**5+v_dout[4]_at_ev4*2**4+v_dout[3]_at_ev4*2**3+v_dout[2]_at_ev4*2**2+v_dout[1]_at_ev4*2**1+v_dout[0]_at_ev4*2**0}"
    Error: unknown token in: "v_dout[[]7]_at_ev4*2**7+v_dout[6]_at_ev4*2**6+v_dout[5]_at_ev4*2**5+v_dout[4]_at_ev4*2**4+v_dout[3]_at_ev4*2**3+v_dout[2]_at_ev4*2**2+v_dout[1]_at_ev4*2**1+v_dout[0]_at_ev4*2**0"
Fatal Error: No circuit found in source
