Questionable use of curly braces in ".meas tran rload param {rload_cal}"
    Error: undefined symbol in: "[rload_cal]"
Questionable use of curly braces in ".meas tran frequency param {freq_cal}"
    Error: undefined symbol in: "[freq_cal]"
Questionable use of curly braces in ".meas tran l param {l_cal}"
    Error: undefined symbol in: "[l_cal]"
Questionable use of curly braces in ".meas tran c param {c_cal}"
    Error: undefined symbol in: "[c_cal]"
Questionable use of curly braces in ".meas tran v_vout_max max(v(out)) trig time={time_start_meas+(20u*50)} targ time=10m"
    Error: undefined symbol in: "[time_start_meas]+(20u*50)"
Questionable use of curly braces in ".meas tran v_vout_min min(v(out)) trig time={time_start_meas+(20u*50)} targ time=10m"
    Error: undefined symbol in: "[time_start_meas]+(20u*50)"
Questionable use of curly braces in ".meas tran v_vout_ripple param {v_vout_max-v_vout_min}"
    Error: undefined symbol in: "[v_vout_max]-v_vout_min"
Questionable use of curly braces in ".meas tran v_vout_ripple_porcent param {(v_vout_ripple*100)/v_vout_avg}"
    Error: undefined symbol in: "([v_vout_ripple]*100)/v_vout_avg"
Questionable use of curly braces in ".meas tran v_vout_avg avg v(out) trig time={time_start_meas+(20u*50)} targ time=10m"
    Error: undefined symbol in: "[time_start_meas]+(20u*50)"
Questionable use of curly braces in ".meas tran i_iload_max max(i(rload)) trig time={time_start_meas+(20u*50)} targ time=10m"
    Error: undefined symbol in: "[time_start_meas]+(20u*50)"
Questionable use of curly braces in ".meas tran i_iload_min min(i(rload)) trig time={time_start_meas+(20u*50)} targ time=10m"
    Error: undefined symbol in: "[time_start_meas]+(20u*50)"
Questionable use of curly braces in ".meas tran i_iload_ripple param {i_iload_max-i_iload_min}"
    Error: undefined symbol in: "[i_iload_max]-i_iload_min"
Questionable use of curly braces in ".meas tran i_iload_ripple_porcent param {(i_iload_ripple*100)/i_iload_avg}"
    Error: undefined symbol in: "([i_iload_ripple]*100)/i_iload_avg"
Fatal Error: No circuit found in source
